<?xml version="1.0" encoding="UTF-8"?>
<!-- Generated by org.testng.reporters.JUnitReportReporter -->
<testsuite hostname="DESKTOP-B5JJ1DD" failures="0" tests="1" name="tests.FirstTestNG_Test1" time="3.977" errors="0" timestamp="2023-07-08T13:19:45 IST" skipped="0">
  <testcase classname="tests.FirstTestNG_Test1" name="f" time="3.977"/>
</testsuite> <!-- tests.FirstTestNG_Test1 -->
